setupForDataset: bahamas
 Iteration 1......
 Average adjustments per sample = 5.6511602
 Iteration 2......
 Average adjustments per sample = 2.0813727
 Iteration 3......
 Average adjustments per sample = 1.369989
 Iteration 4......
 Average adjustments per sample = 0.88539517
 Iteration 5......
 Average adjustments per sample = 0.68142176
 Iteration 6......
 Average adjustments per sample = 0.6850922
 Iteration 7......
 Average adjustments per sample = 0.59082425
 Iteration 8......
 Average adjustments per sample = 0.5573512
 Iteration 9......
 Average adjustments per sample = 0.51818544
 Iteration 10......
 Average adjustments per sample = 0.42401874
 Iteration 11......
 Average adjustments per sample = 0.41104302
 Iteration 12......
 Average adjustments per sample = 0.3738646
setupForDataset: bahamas
setupForDataset: bahamas
setupForDataset: bahamas
setupForDataset: bahamas
setupForDataset: bahamas
setupForDataset: bahamas
setupForDataset: bahamas
setupForDataset: bahamas
setupForDataset: bahamas
setupForDataset: bahamas
Exception in thread "AWT-EventQueue-0" Traceback (most recent call last):
  File "xavier.py", line 502, in run
    self.main(sys.argv)
  File "xavier.py", line 40, in main
    goCoherence()
  File "xavier.py", line 244, in goCoherence
    cn,cd = cv.covariance(10,p2,p3,gx)
AttributeError: 'sso.Covariance' object has no attribute 'covariance'
setupForDataset: bahamas
 ** On entry to DSTEIN parameter number  6 had an illegal value
setupForDataset: bahamas
0.023148147% done...
0.046296295% done...
0.06944445% done...
0.09259259% done...
0.11574074% done...
0.1388889% done...
0.16203703% done...
0.18518518% done...
0.20833333% done...
0.23148148% done...
0.25462964% done...
0.2777778% done...
0.30092594% done...
0.32407406% done...
0.3472222% done...
0.37037036% done...
0.3935185% done...
0.41666666% done...
0.4398148% done...
0.46296296% done...
0.4861111% done...
0.5092593% done...
0.5324074% done...
0.5555556% done...
0.5787037% done...
0.6018519% done...
0.625% done...
0.6481481% done...
0.6712963% done...
0.6944444% done...
0.7175926% done...
0.7407407% done...
0.7638889% done...
0.787037% done...
0.8101852% done...
0.8333333% done...
0.8564815% done...
0.8796296% done...
0.9027778% done...
0.9259259% done...
0.9490741% done...
0.9722222% done...
0.9953704% done...
1.0185186% done...
1.0416666% done...
1.0648148% done...
1.087963% done...
1.1111112% done...
1.1342592% done...
1.1574074% done...
1.1805556% done...
1.2037038% done...
1.2268518% done...
1.25% done...
1.2731482% done...
1.2962962% done...
1.3194444% done...
1.3425926% done...
1.3657408% done...
1.3888888% done...
1.412037% done...
1.4351852% done...
1.4583334% done...
1.4814814% done...
1.5046296% done...
1.5277778% done...
1.550926% done...
1.574074% done...
1.5972222% done...
1.6203704% done...
1.6435186% done...
1.6666666% done...
1.6898148% done...
1.712963% done...
1.7361112% done...
1.7592592% done...
1.7824074% done...
1.8055556% done...
1.8287038% done...
1.8518518% done...
1.875% done...
1.8981482% done...
1.9212962% done...
1.9444444% done...
1.9675926% done...
1.9907408% done...
2.0138888% done...
2.0370371% done...
2.0601852% done...
2.0833333% done...
2.1064816% done...
2.1296296% done...
2.1527777% done...
2.175926% done...
2.199074% done...
2.2222223% done...
2.2453704% done...
2.2685184% done...
2.2916667% done...
2.3148148% done...
2.3379629% done...
2.3611112% done...
2.3842592% done...
2.4074075% done...
2.4305556% done...
2.4537036% done...
2.476852% done...
2.5% done...
2.523148% done...
2.5462964% done...
2.5694444% done...
2.5925925% done...
2.6157408% done...
2.6388888% done...
2.6620371% done...
2.6851852% done...
2.7083333% done...
2.7314816% done...
2.7546296% done...
2.7777777% done...
2.800926% done...
2.824074% done...
2.8472223% done...
2.8703704% done...
2.8935184% done...
2.9166667% done...
2.9398148% done...
2.9629629% done...
2.9861112% done...
3.0092592% done...
3.0324075% done...
3.0555556% done...
3.0787036% done...
3.101852% done...
3.125% done...
3.148148% done...
3.1712964% done...
3.1944444% done...
3.2175925% done...
3.2407408% done...
3.2638888% done...
3.2870371% done...
3.3101852% done...
3.3333333% done...
3.3564816% done...
3.3796296% done...
3.4027777% done...
3.425926% done...
3.449074% done...
3.4722223% done...
3.4953704% done...
3.5185184% done...
3.5416667% done...
3.5648148% done...
3.5879629% done...
3.6111112% done...
3.6342592% done...
3.6574075% done...
3.6805556% done...
3.7037036% done...
3.726852% done...
3.75% done...
3.773148% done...
3.7962964% done...
3.8194444% done...
3.8425925% done...
3.8657408% done...
3.8888888% done...
3.9120371% done...
3.9351852% done...
3.9583333% done...
3.9814816% done...
4.0046296% done...
4.0277777% done...
4.0509257% done...
4.0740743% done...
4.0972223% done...
4.1203704% done...
4.1435184% done...
4.1666665% done...
4.189815% done...
4.212963% done...
4.236111% done...
4.259259% done...
4.2824073% done...
4.3055553% done...
4.328704% done...
4.351852% done...
4.375% done...
4.398148% done...
4.421296% done...
4.4444447% done...
4.4675927% done...
4.490741% done...
4.513889% done...
4.537037% done...
4.560185% done...
4.5833335% done...
4.6064816% done...
4.6296296% done...
4.6527777% done...
4.6759257% done...
4.6990743% done...
4.7222223% done...
4.7453704% done...
4.7685184% done...
4.7916665% done...
4.814815% done...
4.837963% done...
4.861111% done...
4.884259% done...
4.9074073% done...
4.9305553% done...
4.953704% done...
4.976852% done...
5.0% done...
5.023148% done...
5.046296% done...
5.0694447% done...
5.0925927% done...
5.115741% done...
5.138889% done...
5.162037% done...
5.185185% done...
5.2083335% done...
5.2314816% done...
5.2546296% done...
5.2777777% done...
5.3009257% done...
5.3240743% done...
5.3472223% done...
5.3703704% done...
5.3935184% done...
5.4166665% done...
5.439815% done...
5.462963% done...
5.486111% done...
5.509259% done...
5.5324073% done...
5.5555553% done...
5.578704% done...
5.601852% done...
5.625% done...
5.648148% done...
5.671296% done...
5.6944447% done...
5.7175927% done...
5.740741% done...
5.763889% done...
5.787037% done...
5.810185% done...
5.8333335% done...
5.8564816% done...
5.8796296% done...
5.9027777% done...
5.9259257% done...
5.9490743% done...
5.9722223% done...
5.9953704% done...
6.0185184% done...
6.0416665% done...
6.064815% done...
6.087963% done...
6.111111% done...
6.134259% done...
6.1574073% done...
6.1805553% done...
6.203704% done...
6.226852% done...
6.25% done...
6.273148% done...
6.296296% done...
6.3194447% done...
6.3425927% done...
6.365741% done...
6.388889% done...
6.412037% done...
6.435185% done...
6.4583335% done...
6.4814816% done...
6.5046296% done...
6.5277777% done...
6.5509257% done...
6.5740743% done...
6.5972223% done...
6.6203704% done...
6.6435184% done...
6.6666665% done...
6.689815% done...
6.712963% done...
6.736111% done...
6.759259% done...
6.7824073% done...
6.8055553% done...
6.828704% done...
6.851852% done...
6.875% done...
6.898148% done...
6.921296% done...
6.9444447% done...
6.9675927% done...
6.990741% done...
7.013889% done...
7.037037% done...
7.060185% done...
7.0833335% done...
7.1064816% done...
7.1296296% done...
7.1527777% done...
7.1759257% done...
7.1990743% done...
7.2222223% done...
7.2453704% done...
7.2685184% done...
7.2916665% done...
7.314815% done...
7.337963% done...
7.361111% done...
7.384259% done...
7.4074073% done...
7.4305553% done...
7.453704% done...
7.476852% done...
7.5% done...
7.523148% done...
7.546296% done...
7.5694447% done...
7.5925927% done...
7.615741% done...
7.638889% done...
7.662037% done...
7.685185% done...
7.7083335% done...
7.7314816% done...
7.7546296% done...
7.7777777% done...
7.8009257% done...
7.8240743% done...
7.8472223% done...
7.8703704% done...
7.8935184% done...
7.9166665% done...
7.939815% done...
7.962963% done...
7.986111% done...
8.009259% done...
8.032408% done...
8.055555% done...
8.078704% done...
8.101851% done...
8.125% done...
8.148149% done...
8.171296% done...
8.194445% done...
8.217592% done...
8.240741% done...
8.263889% done...
8.287037% done...
8.310185% done...
8.333333% done...
8.356482% done...
8.37963% done...
8.402778% done...
8.425926% done...
8.449074% done...
8.472222% done...
8.49537% done...
8.518518% done...
8.541667% done...
8.564815% done...
8.587963% done...
8.611111% done...
8.634259% done...
8.657408% done...
8.680555% done...
8.703704% done...
8.726851% done...
8.75% done...
8.773149% done...
8.796296% done...
8.819445% done...
8.842592% done...
8.865741% done...
8.888889% done...
8.912037% done...
8.935185% done...
8.958333% done...
8.981482% done...
9.00463% done...
9.027778% done...
9.050926% done...
9.074074% done...
9.097222% done...
9.12037% done...
9.143518% done...
9.166667% done...
9.189815% done...
9.212963% done...
9.236111% done...
9.259259% done...
9.282408% done...
9.305555% done...
9.328704% done...
9.351851% done...
9.375% done...
9.398149% done...
9.421296% done...
9.444445% done...
9.467592% done...
9.490741% done...
9.513889% done...
9.537037% done...
9.560185% done...
9.583333% done...
9.606482% done...
9.62963% done...
9.652778% done...
9.675926% done...
9.699074% done...
9.722222% done...
9.74537% done...
9.768518% done...
9.791667% done...
9.814815% done...
9.837963% done...
9.861111% done...
9.884259% done...
9.907408% done...
9.930555% done...
9.953704% done...
9.976851% done...
10.0% done...
10.023149% done...
10.046296% done...
10.069445% done...
10.092592% done...
10.115741% done...
10.138889% done...
10.162037% done...
10.185185% done...
10.208333% done...
10.231482% done...
10.25463% done...
10.277778% done...
10.300926% done...
10.324074% done...
10.347222% done...
10.37037% done...
10.393518% done...
10.416667% done...
10.439815% done...
10.462963% done...
10.486111% done...
10.509259% done...
10.532408% done...
10.555555% done...
10.578704% done...
10.601851% done...
10.625% done...
10.648149% done...
10.671296% done...
10.694445% done...
10.717592% done...
10.740741% done...
10.763889% done...
10.787037% done...
10.810185% done...
10.833333% done...
10.856482% done...
10.87963% done...
10.902778% done...
10.925926% done...
10.949074% done...
10.972222% done...
10.99537% done...
11.018518% done...
11.041667% done...
11.064815% done...
11.087963% done...
11.111111% done...
11.134259% done...
11.157408% done...
11.180555% done...
11.203704% done...
11.226851% done...
11.25% done...
11.273149% done...
11.296296% done...
11.319445% done...
11.342592% done...
11.365741% done...
11.388889% done...
11.412037% done...
11.435185% done...
11.458333% done...
11.481482% done...
11.50463% done...
11.527778% done...
11.550926% done...
11.574074% done...
11.597222% done...
11.62037% done...
11.643518% done...
11.666667% done...
11.689815% done...
11.712963% done...
11.736111% done...
11.759259% done...
11.782408% done...
11.805555% done...
11.828704% done...
11.851851% done...
11.875% done...
11.898149% done...
11.921296% done...
11.944445% done...
11.967592% done...
11.990741% done...
12.013889% done...
12.037037% done...
12.060185% done...
12.083333% done...
12.106482% done...
12.12963% done...
12.152778% done...
12.175926% done...
12.199074% done...
12.222222% done...
12.24537% done...
12.268518% done...
12.291667% done...
12.314815% done...
12.337963% done...
12.361111% done...
12.384259% done...
12.407408% done...
12.430555% done...
12.453704% done...
12.476851% done...
12.5% done...
12.523149% done...
12.546296% done...
12.569445% done...
12.592592% done...
12.615741% done...
12.638889% done...
12.662037% done...
12.685185% done...
12.708333% done...
12.731482% done...
12.75463% done...
12.777778% done...
12.800926% done...
12.824074% done...
12.847222% done...
12.87037% done...
12.893518% done...
12.916667% done...
12.939815% done...
12.962963% done...
12.986111% done...
13.009259% done...
13.032408% done...
13.055555% done...
13.078704% done...
13.101851% done...
13.125% done...
13.148149% done...
13.171296% done...
13.194445% done...
13.217592% done...
13.240741% done...
13.263889% done...
13.287037% done...
13.310185% done...
13.333333% done...
13.356482% done...
13.37963% done...
13.402778% done...
13.425926% done...
13.449074% done...
13.472222% done...
13.49537% done...
13.518518% done...
13.541667% done...
13.564815% done...
13.587963% done...
13.611111% done...
13.634259% done...
13.657408% done...
13.680555% done...
13.703704% done...
13.726851% done...
13.75% done...
13.773149% done...
13.796296% done...
13.819445% done...
13.842592% done...
13.865741% done...
13.888889% done...
13.912037% done...
13.935185% done...
13.958333% done...
13.981482% done...
14.00463% done...
14.027778% done...
14.050926% done...
14.074074% done...
14.097222% done...
14.12037% done...
14.143518% done...
14.166667% done...
14.189815% done...
14.212963% done...
14.236111% done...
14.259259% done...
14.282408% done...
14.305555% done...
14.328704% done...
14.351851% done...
14.375% done...
14.398149% done...
14.421296% done...
14.444445% done...
14.467592% done...
14.490741% done...
14.513889% done...
14.537037% done...
14.560185% done...
14.583333% done...
14.606482% done...
14.62963% done...
14.652778% done...
14.675926% done...
14.699074% done...
14.722222% done...
14.74537% done...
14.768518% done...
14.791667% done...
14.814815% done...
14.837963% done...
14.861111% done...
14.884259% done...
14.907408% done...
14.930555% done...
14.953704% done...
14.976851% done...
15.0% done...
15.023149% done...
15.046296% done...
15.069445% done...
15.092592% done...
15.115741% done...
15.138889% done...
15.162037% done...
15.185185% done...
15.208333% done...
15.231482% done...
15.25463% done...
15.277778% done...
15.300926% done...
15.324074% done...
15.347222% done...
15.37037% done...
15.393518% done...
15.416667% done...
15.439815% done...
15.462963% done...
15.486111% done...
15.509259% done...
15.532408% done...
15.555555% done...
15.578704% done...
15.601851% done...
15.625% done...
15.648149% done...
15.671296% done...
15.694445% done...
15.717592% done...
15.740741% done...
15.763889% done...
15.787037% done...
15.810185% done...
15.833333% done...
15.856482% done...
15.87963% done...
15.902778% done...
15.925926% done...
15.949074% done...
15.972222% done...
15.99537% done...
16.018518% done...
16.041666% done...
16.064816% done...
16.087963% done...
16.11111% done...
16.13426% done...
16.157408% done...
16.180555% done...
16.203703% done...
16.226852% done...
16.25% done...
16.273148% done...
16.296297% done...
16.319445% done...
16.342592% done...
16.36574% done...
16.38889% done...
16.412037% done...
16.435184% done...
16.458334% done...
16.481482% done...
16.50463% done...
16.527779% done...
16.550926% done...
16.574074% done...
16.597221% done...
16.62037% done...
16.643518% done...
16.666666% done...
16.689816% done...
16.712963% done...
16.73611% done...
16.75926% done...
16.782408% done...
16.805555% done...
16.828703% done...
16.851852% done...
16.875% done...
16.898148% done...
16.921297% done...
16.944445% done...
16.967592% done...
16.99074% done...
17.01389% done...
17.037037% done...
17.060184% done...
17.083334% done...
17.106482% done...
17.12963% done...
17.152779% done...
17.175926% done...
17.199074% done...
17.222221% done...
17.24537% done...
17.268518% done...
17.291666% done...
17.314816% done...
17.337963% done...
17.36111% done...
17.38426% done...
17.407408% done...
17.430555% done...
17.453703% done...
17.476852% done...
17.5% done...
17.523148% done...
17.546297% done...
17.569445% done...
17.592592% done...
17.61574% done...
17.63889% done...
17.662037% done...
17.685184% done...
17.708334% done...
17.731482% done...
17.75463% done...
17.777779% done...
17.800926% done...
17.824074% done...
17.847221% done...
17.87037% done...
17.893518% done...
17.916666% done...
17.939816% done...
17.962963% done...
17.98611% done...
18.00926% done...
18.032408% done...
18.055555% done...
18.078703% done...
18.101852% done...
18.125% done...
18.148148% done...
18.171297% done...
18.194445% done...
18.217592% done...
18.24074% done...
18.26389% done...
18.287037% done...
18.310184% done...
18.333334% done...
18.356482% done...
18.37963% done...
18.402779% done...
18.425926% done...
18.449074% done...
18.472221% done...
18.49537% done...
18.518518% done...
18.541666% done...
18.564816% done...
18.587963% done...
18.61111% done...
18.63426% done...
18.657408% done...
18.680555% done...
18.703703% done...
18.726852% done...
18.75% done...
18.773148% done...
18.796297% done...
18.819445% done...
18.842592% done...
18.86574% done...
18.88889% done...
18.912037% done...
18.935184% done...
18.958334% done...
18.981482% done...
19.00463% done...
19.027779% done...
19.050926% done...
19.074074% done...
19.097221% done...
19.12037% done...
19.143518% done...
19.166666% done...
19.189816% done...
19.212963% done...
19.23611% done...
19.25926% done...
19.282408% done...
19.305555% done...
19.328703% done...
19.351852% done...
19.375% done...
19.398148% done...
19.421297% done...
19.444445% done...
19.467592% done...
19.49074% done...
19.51389% done...
19.537037% done...
19.560184% done...
19.583334% done...
19.606482% done...
19.62963% done...
19.652779% done...
19.675926% done...
19.699074% done...
19.722221% done...
19.74537% done...
19.768518% done...
19.791666% done...
19.814816% done...
19.837963% done...
19.86111% done...
19.88426% done...
19.907408% done...
19.930555% done...
19.953703% done...
19.976852% done...
20.0% done...
20.023148% done...
20.046297% done...
20.069445% done...
20.092592% done...
20.11574% done...
20.13889% done...
20.162037% done...
20.185184% done...
20.208334% done...
20.231482% done...
20.25463% done...
20.277779% done...
20.300926% done...
20.324074% done...
20.347221% done...
20.37037% done...
20.393518% done...
20.416666% done...
20.439816% done...
20.462963% done...
20.48611% done...
20.50926% done...
20.532408% done...
20.555555% done...
20.578703% done...
20.601852% done...
20.625% done...
20.648148% done...
20.671297% done...
20.694445% done...
20.717592% done...
20.74074% done...
20.76389% done...
20.787037% done...
20.810184% done...
20.833334% done...
20.856482% done...
20.87963% done...
20.902779% done...
20.925926% done...
20.949074% done...
20.972221% done...
20.99537% done...
21.018518% done...
21.041666% done...
21.064816% done...
21.087963% done...
21.11111% done...
21.13426% done...
21.157408% done...
21.180555% done...
21.203703% done...
21.226852% done...
21.25% done...
21.273148% done...
21.296297% done...
21.319445% done...
21.342592% done...
21.36574% done...
21.38889% done...
21.412037% done...
21.435184% done...
21.458334% done...
21.481482% done...
21.50463% done...
21.527779% done...
21.550926% done...
21.574074% done...
21.597221% done...
21.62037% done...
21.643518% done...
21.666666% done...
21.689816% done...
21.712963% done...
21.73611% done...
21.75926% done...
21.782408% done...
21.805555% done...
21.828703% done...
21.851852% done...
21.875% done...
21.898148% done...
21.921297% done...
21.944445% done...
21.967592% done...
21.99074% done...
22.01389% done...
22.037037% done...
22.060184% done...
22.083334% done...
22.106482% done...
22.12963% done...
22.152779% done...
22.175926% done...
22.199074% done...
22.222221% done...
22.24537% done...
22.268518% done...
22.291666% done...
22.314816% done...
22.337963% done...
22.36111% done...
22.38426% done...
22.407408% done...
22.430555% done...
22.453703% done...
22.476852% done...
22.5% done...
22.523148% done...
22.546297% done...
22.569445% done...
22.592592% done...
22.61574% done...
22.63889% done...
22.662037% done...
22.685184% done...
22.708334% done...
22.731482% done...
22.75463% done...
22.777779% done...
22.800926% done...
22.824074% done...
22.847221% done...
22.87037% done...
22.893518% done...
22.916666% done...
22.939816% done...
22.962963% done...
22.98611% done...
23.00926% done...
23.032408% done...
23.055555% done...
23.078703% done...
23.101852% done...
23.125% done...
23.148148% done...
23.171297% done...
23.194445% done...
23.217592% done...
23.24074% done...
23.26389% done...
23.287037% done...
23.310184% done...
23.333334% done...
23.356482% done...
23.37963% done...
23.402779% done...
23.425926% done...
23.449074% done...
23.472221% done...
23.49537% done...
23.518518% done...
23.541666% done...
23.564816% done...
23.587963% done...
23.61111% done...
23.63426% done...
23.657408% done...
23.680555% done...
23.703703% done...
23.726852% done...
23.75% done...
23.773148% done...
23.796297% done...
23.819445% done...
23.842592% done...
23.86574% done...
23.88889% done...
23.912037% done...
23.935184% done...
23.958334% done...
23.981482% done...
24.00463% done...
24.027779% done...
24.050926% done...
24.074074% done...
24.097221% done...
24.12037% done...
24.143518% done...
24.166666% done...
24.189816% done...
24.212963% done...
24.23611% done...
24.25926% done...
24.282408% done...
24.305555% done...
24.328703% done...
24.351852% done...
24.375% done...
24.398148% done...
24.421297% done...
24.444445% done...
24.467592% done...
24.49074% done...
24.51389% done...
24.537037% done...
24.560184% done...
24.583334% done...
24.606482% done...
24.62963% done...
24.652779% done...
24.675926% done...
24.699074% done...
24.722221% done...
24.74537% done...
24.768518% done...
24.791666% done...
24.814816% done...
24.837963% done...
24.86111% done...
24.88426% done...
24.907408% done...
24.930555% done...
24.953703% done...
24.976852% done...
25.0% done...
25.023148% done...
25.046297% done...
25.069445% done...
25.092592% done...
25.11574% done...
25.13889% done...
25.162037% done...
25.185184% done...
25.208334% done...
25.231482% done...
25.25463% done...
25.277779% done...
25.300926% done...
25.324074% done...
25.347221% done...
25.37037% done...
25.393518% done...
25.416666% done...
25.439816% done...
25.462963% done...
25.48611% done...
25.50926% done...
25.532408% done...
25.555555% done...
25.578703% done...
25.601852% done...
25.625% done...
25.648148% done...
25.671297% done...
25.694445% done...
25.717592% done...
25.74074% done...
25.76389% done...
25.787037% done...
25.810184% done...
25.833334% done...
25.856482% done...
25.87963% done...
25.902779% done...
25.925926% done...
25.949074% done...
25.972221% done...
25.99537% done...
26.018518% done...
26.041666% done...
26.064816% done...
26.087963% done...
26.11111% done...
26.13426% done...
26.157408% done...
26.180555% done...
26.203703% done...
26.226852% done...
26.25% done...
26.273148% done...
26.296297% done...
26.319445% done...
26.342592% done...
26.36574% done...
26.38889% done...
26.412037% done...
26.435184% done...
26.458334% done...
26.481482% done...
26.50463% done...
26.527779% done...
26.550926% done...
26.574074% done...
26.597221% done...
26.62037% done...
26.643518% done...
26.666666% done...
26.689816% done...
26.712963% done...
26.73611% done...
26.75926% done...
26.782408% done...
26.805555% done...
26.828703% done...
26.851852% done...
26.875% done...
26.898148% done...
26.921297% done...
26.944445% done...
26.967592% done...
26.99074% done...
27.01389% done...
27.037037% done...
27.060184% done...
27.083334% done...
27.106482% done...
27.12963% done...
27.152779% done...
27.175926% done...
27.199074% done...
27.222221% done...
27.24537% done...
27.268518% done...
27.291666% done...
27.314816% done...
27.337963% done...
27.36111% done...
27.38426% done...
27.407408% done...
27.430555% done...
27.453703% done...
27.476852% done...
27.5% done...
27.523148% done...
27.546297% done...
27.569445% done...
27.592592% done...
27.61574% done...
27.63889% done...
27.662037% done...
27.685184% done...
27.708334% done...
27.731482% done...
27.75463% done...
27.777779% done...
27.800926% done...
27.824074% done...
27.847221% done...
27.87037% done...
27.893518% done...
27.916666% done...
27.939816% done...
27.962963% done...
27.98611% done...
28.00926% done...
28.032408% done...
28.055555% done...
28.078703% done...
28.101852% done...
28.125% done...
28.148148% done...
28.171297% done...
28.194445% done...
28.217592% done...
28.24074% done...
28.26389% done...
28.287037% done...
28.310184% done...
28.333334% done...
28.356482% done...
28.37963% done...
28.402779% done...
28.425926% done...
28.449074% done...
28.472221% done...
28.49537% done...
28.518518% done...
28.541666% done...
28.564816% done...
28.587963% done...
28.61111% done...
28.63426% done...
28.657408% done...
28.680555% done...
28.703703% done...
28.726852% done...
28.75% done...
28.773148% done...
28.796297% done...
28.819445% done...
28.842592% done...
28.86574% done...
28.88889% done...
28.912037% done...
28.935184% done...
28.958334% done...
28.981482% done...
29.00463% done...
29.027779% done...
29.050926% done...
29.074074% done...
29.097221% done...
29.12037% done...
29.143518% done...
29.166666% done...
29.189816% done...
29.212963% done...
29.23611% done...
29.25926% done...
29.282408% done...
29.305555% done...
29.328703% done...
29.351852% done...
29.375% done...
29.398148% done...
29.421297% done...
29.444445% done...
29.467592% done...
29.49074% done...
29.51389% done...
29.537037% done...
29.560184% done...
29.583334% done...
29.606482% done...
29.62963% done...
29.652779% done...
29.675926% done...
29.699074% done...
29.722221% done...
29.74537% done...
29.768518% done...
29.791666% done...
29.814816% done...
29.837963% done...
29.86111% done...
29.88426% done...
29.907408% done...
29.930555% done...
29.953703% done...
29.976852% done...
30.0% done...
30.023148% done...
30.046297% done...
30.069445% done...
30.092592% done...
30.11574% done...
30.13889% done...
30.162037% done...
30.185184% done...
30.208334% done...
30.231482% done...
30.25463% done...
30.277779% done...
30.300926% done...
30.324074% done...
30.347221% done...
30.37037% done...
30.393518% done...
30.416666% done...
30.439816% done...
30.462963% done...
30.48611% done...
30.50926% done...
30.532408% done...
30.555555% done...
30.578703% done...
30.601852% done...
30.625% done...
30.648148% done...
30.671297% done...
30.694445% done...
30.717592% done...
30.74074% done...
30.76389% done...
30.787037% done...
30.810184% done...
30.833334% done...
30.856482% done...
30.87963% done...
30.902779% done...
30.925926% done...
30.949074% done...
30.972221% done...
30.99537% done...
31.018518% done...
31.041666% done...
31.064816% done...
31.087963% done...
31.11111% done...
31.13426% done...
31.157408% done...
31.180555% done...
31.203703% done...
31.226852% done...
31.25% done...
31.273148% done...
31.296297% done...
31.319445% done...
31.342592% done...
31.36574% done...
31.38889% done...
31.412037% done...
31.435184% done...
31.458334% done...
31.481482% done...
31.50463% done...
31.527779% done...
31.550926% done...
31.574074% done...
31.597221% done...
31.62037% done...
31.643518% done...
31.666666% done...
31.689816% done...
31.712963% done...
31.73611% done...
31.75926% done...
31.782408% done...
31.805555% done...
31.828703% done...
31.851852% done...
31.875% done...
31.898148% done...
31.921297% done...
31.944445% done...
31.967592% done...
31.99074% done...
32.01389% done...
32.037037% done...
32.060184% done...
32.083332% done...
32.10648% done...
32.12963% done...
32.15278% done...
32.175926% done...
32.199074% done...
32.22222% done...
32.24537% done...
32.26852% done...
32.291668% done...
32.314816% done...
32.337963% done...
32.36111% done...
32.38426% done...
32.407406% done...
32.430557% done...
32.453705% done...
32.476852% done...
32.5% done...
32.523148% done...
32.546295% done...
32.569443% done...
32.592594% done...
32.61574% done...
32.63889% done...
32.662037% done...
32.685184% done...
32.708332% done...
32.73148% done...
32.75463% done...
32.77778% done...
32.800926% done...
32.824074% done...
32.84722% done...
32.87037% done...
32.89352% done...
32.916668% done...
32.939816% done...
32.962963% done...
32.98611% done...
33.00926% done...
33.032406% done...
33.055557% done...
33.078705% done...
33.101852% done...
33.125% done...
33.148148% done...
33.171295% done...
33.194443% done...
33.217594% done...
33.24074% done...
33.26389% done...
33.287037% done...
33.310184% done...
33.333332% done...
33.35648% done...
33.37963% done...
33.40278% done...
33.425926% done...
33.449074% done...
33.47222% done...
33.49537% done...
33.51852% done...
33.541668% done...
33.564816% done...
33.587963% done...
33.61111% done...
33.63426% done...
33.657406% done...
33.680557% done...
33.703705% done...
33.726852% done...
33.75% done...
33.773148% done...
33.796295% done...
33.819443% done...
33.842594% done...
33.86574% done...
33.88889% done...
33.912037% done...
33.935184% done...
33.958332% done...
33.98148% done...
34.00463% done...
34.02778% done...
34.050926% done...
34.074074% done...
34.09722% done...
34.12037% done...
34.14352% done...
34.166668% done...
34.189816% done...
34.212963% done...
34.23611% done...
34.25926% done...
34.282406% done...
34.305557% done...
34.328705% done...
34.351852% done...
34.375% done...
34.398148% done...
34.421295% done...
34.444443% done...
34.467594% done...
34.49074% done...
34.51389% done...
34.537037% done...
34.560184% done...
34.583332% done...
34.60648% done...
34.62963% done...
34.65278% done...
34.675926% done...
34.699074% done...
34.72222% done...
34.74537% done...
34.76852% done...
34.791668% done...
34.814816% done...
34.837963% done...
34.86111% done...
34.88426% done...
34.907406% done...
34.930557% done...
34.953705% done...
34.976852% done...
35.0% done...
35.023148% done...
35.046295% done...
35.069443% done...
35.092594% done...
35.11574% done...
35.13889% done...
35.162037% done...
35.185184% done...
35.208332% done...
35.23148% done...
35.25463% done...
35.27778% done...
35.300926% done...
35.324074% done...
35.34722% done...
35.37037% done...
35.39352% done...
35.416668% done...
35.439816% done...
35.462963% done...
35.48611% done...
35.50926% done...
35.532406% done...
35.555557% done...
35.578705% done...
35.601852% done...
35.625% done...
35.648148% done...
35.671295% done...
35.694443% done...
35.717594% done...
35.74074% done...
35.76389% done...
35.787037% done...
35.810184% done...
35.833332% done...
35.85648% done...
35.87963% done...
35.90278% done...
35.925926% done...
35.949074% done...
35.97222% done...
35.99537% done...
36.01852% done...
36.041668% done...
36.064816% done...
36.087963% done...
36.11111% done...
36.13426% done...
36.157406% done...
36.180557% done...
36.203705% done...
36.226852% done...
36.25% done...
36.273148% done...
36.296295% done...
36.319443% done...
36.342594% done...
36.36574% done...
36.38889% done...
36.412037% done...
36.435184% done...
36.458332% done...
36.48148% done...
36.50463% done...
36.52778% done...
36.550926% done...
36.574074% done...
36.59722% done...
36.62037% done...
36.64352% done...
36.666668% done...
36.689816% done...
36.712963% done...
36.73611% done...
36.75926% done...
36.782406% done...
36.805557% done...
36.828705% done...
36.851852% done...
36.875% done...
36.898148% done...
36.921295% done...
36.944443% done...
36.967594% done...
36.99074% done...
37.01389% done...
37.037037% done...
37.060184% done...
37.083332% done...
37.10648% done...
37.12963% done...
37.15278% done...
37.175926% done...
37.199074% done...
37.22222% done...
37.24537% done...
37.26852% done...
37.291668% done...
37.314816% done...
37.337963% done...
37.36111% done...
37.38426% done...
37.407406% done...
37.430557% done...
37.453705% done...
37.476852% done...
37.5% done...
37.523148% done...
37.546295% done...
37.569443% done...
37.592594% done...
37.61574% done...
37.63889% done...
37.662037% done...
37.685184% done...
37.708332% done...
37.73148% done...
37.75463% done...
37.77778% done...
37.800926% done...
37.824074% done...
37.84722% done...
37.87037% done...
37.89352% done...
37.916668% done...
37.939816% done...
37.962963% done...
37.98611% done...
38.00926% done...
38.032406% done...
38.055557% done...
38.078705% done...
38.101852% done...
38.125% done...
38.148148% done...
38.171295% done...
38.194443% done...
38.217594% done...
38.24074% done...
38.26389% done...
38.287037% done...
38.310184% done...
38.333332% done...
38.35648% done...
38.37963% done...
38.40278% done...
38.425926% done...
38.449074% done...
38.47222% done...
38.49537% done...
38.51852% done...
38.541668% done...
38.564816% done...
38.587963% done...
38.61111% done...
38.63426% done...
38.657406% done...
38.680557% done...
38.703705% done...
38.726852% done...
38.75% done...
38.773148% done...
38.796295% done...
38.819443% done...
38.842594% done...
38.86574% done...
38.88889% done...
38.912037% done...
38.935184% done...
38.958332% done...
38.98148% done...
39.00463% done...
39.02778% done...
39.050926% done...
39.074074% done...
39.09722% done...
39.12037% done...
39.14352% done...
39.166668% done...
39.189816% done...
39.212963% done...
39.23611% done...
39.25926% done...
39.282406% done...
39.305557% done...
39.328705% done...
39.351852% done...
39.375% done...
39.398148% done...
39.421295% done...
39.444443% done...
39.467594% done...
39.49074% done...
39.51389% done...
39.537037% done...
39.560184% done...
39.583332% done...
39.60648% done...
39.62963% done...
39.65278% done...
39.675926% done...
39.699074% done...
39.72222% done...
39.74537% done...
39.76852% done...
39.791668% done...
39.814816% done...
39.837963% done...
39.86111% done...
39.88426% done...
39.907406% done...
39.930557% done...
39.953705% done...
39.976852% done...
40.0% done...
40.023148% done...
40.046295% done...
40.069443% done...
40.092594% done...
40.11574% done...
40.13889% done...
40.162037% done...
40.185184% done...
40.208332% done...
40.23148% done...
40.25463% done...
40.27778% done...
40.300926% done...
40.324074% done...
40.34722% done...
40.37037% done...
40.39352% done...
40.416668% done...
40.439816% done...
40.462963% done...
