setupForSubset: campos
Exception in thread "AWT-EventQueue-0" 	at java.io.FileInputStream.open0(Native Method)
	at java.io.FileInputStream.open(FileInputStream.java:195)
	at java.io.FileInputStream.<init>(FileInputStream.java:138)
	at java.io.FileInputStream.<init>(FileInputStream.java:93)
	at edu.mines.jtk.io.ArrayInputStream.<init>(ArrayInputStream.java:54)
	at sun.reflect.NativeConstructorAccessorImpl.newInstance0(Native Method)
	at sun.reflect.NativeConstructorAccessorImpl.newInstance(NativeConstructorAccessorImpl.java:62)
	at sun.reflect.DelegatingConstructorAccessorImpl.newInstance(DelegatingConstructorAccessorImpl.java:45)
	at java.lang.reflect.Constructor.newInstance(Constructor.java:423)
	at org.python.core.PyReflectedConstructor.constructProxy(PyReflectedConstructor.java:210)

java.io.FileNotFoundException: java.io.FileNotFoundException: ../../../data/seis/campos/ep.dat (No such file or directory)
setupForSubset: campos
Exception in thread "AWT-EventQueue-0" java.lang.OutOfMemoryError: Java heap space
	at edu.mines.jtk.dsp.EigenTensors3.<init>(EigenTensors3.java:79)
	at edu.mines.jtk.dsp.EigenTensors3.<init>(EigenTensors3.java:115)
	at edu.mines.jtk.dsp.LocalOrientFilter.applyForTensors(LocalOrientFilter.java:482)
	at edu.mines.jtk.dsp.LocalOrientFilter.applyForTensors(LocalOrientFilter.java:436)
	at sun.reflect.NativeMethodAccessorImpl.invoke0(Native Method)
	at sun.reflect.NativeMethodAccessorImpl.invoke(NativeMethodAccessorImpl.java:62)
	at sun.reflect.DelegatingMethodAccessorImpl.invoke(DelegatingMethodAccessorImpl.java:43)
	at java.lang.reflect.Method.invoke(Method.java:498)
	at org.python.core.PyReflectedFunction.__call__(PyReflectedFunction.java:186)
	at org.python.core.PyReflectedFunction.__call__(PyReflectedFunction.java:204)
	at org.python.core.PyObject.__call__(PyObject.java:404)
	at org.python.core.PyObject.__call__(PyObject.java:408)
	at org.python.core.PyMethod.__call__(PyMethod.java:124)
	at org.python.pycode._pyx0.goPlanar$15(demoFault.py:368)
	at org.python.pycode._pyx0.call_function(demoFault.py)
	at org.python.core.PyTableCode.call(PyTableCode.java:165)
	at org.python.core.PyBaseCode.call(PyBaseCode.java:120)
	at org.python.core.PyFunction.__call__(PyFunction.java:307)
	at org.python.pycode._pyx0.main$1(demoFault.py:83)
	at org.python.pycode._pyx0.call_function(demoFault.py)
	at org.python.core.PyTableCode.call(PyTableCode.java:165)
	at org.python.core.PyBaseCode.call(PyBaseCode.java:134)
	at org.python.core.PyFunction.__call__(PyFunction.java:317)
	at common$py.run$3(/home/xinwu/Home/research/xmw/src/campos/common.py:34)
	at common$py.call_function(/home/xinwu/Home/research/xmw/src/campos/common.py)
	at org.python.core.PyTableCode.call(PyTableCode.java:165)
	at org.python.core.PyBaseCode.call(PyBaseCode.java:301)
	at org.python.core.PyBaseCode.call(PyBaseCode.java:194)
	at org.python.core.PyFunction.__call__(PyFunction.java:387)
	at org.python.core.PyMethod.instancemethod___call__(PyMethod.java:220)
	at org.python.core.PyMethod.__call__(PyMethod.java:211)
	at org.python.core.PyMethod.__call__(PyMethod.java:201)
setupForSubset: campos
Exception in thread "AWT-EventQueue-0" 	at java.io.DataInputStream.readFully(DataInputStream.java:197)
	at edu.mines.jtk.io.ArrayInputAdapter.readFloats(ArrayInputAdapter.java:452)
	at edu.mines.jtk.io.ArrayInputAdapter.readFloats(ArrayInputAdapter.java:465)
	at edu.mines.jtk.io.ArrayInputAdapter.readFloats(ArrayInputAdapter.java:475)
	at edu.mines.jtk.io.ArrayInputAdapter.readFloats(ArrayInputAdapter.java:485)
	at edu.mines.jtk.io.ArrayInputStream.readFloats(ArrayInputStream.java:384)
	at sun.reflect.NativeMethodAccessorImpl.invoke0(Native Method)
	at sun.reflect.NativeMethodAccessorImpl.invoke(NativeMethodAccessorImpl.java:62)
	at sun.reflect.DelegatingMethodAccessorImpl.invoke(DelegatingMethodAccessorImpl.java:43)
	at java.lang.reflect.Method.invoke(Method.java:498)

java.io.EOFException: java.io.EOFException
setupForSubset: campos
Exception in thread "AWT-EventQueue-0" java.lang.OutOfMemoryError: Java heap space
	at edu.mines.jtk.dsp.LocalSmoothingFilter.solve(LocalSmoothingFilter.java:648)
	at edu.mines.jtk.dsp.LocalSmoothingFilter.apply(LocalSmoothingFilter.java:310)
	at edu.mines.jtk.dsp.LocalSmoothingFilter.apply(LocalSmoothingFilter.java:290)
	at mef.FaultEnhancer.applyForPlanar(FaultEnhancer.java:268)
	at sun.reflect.NativeMethodAccessorImpl.invoke0(Native Method)
	at sun.reflect.NativeMethodAccessorImpl.invoke(NativeMethodAccessorImpl.java:62)
	at sun.reflect.DelegatingMethodAccessorImpl.invoke(DelegatingMethodAccessorImpl.java:43)
	at java.lang.reflect.Method.invoke(Method.java:498)
	at org.python.core.PyReflectedFunction.__call__(PyReflectedFunction.java:186)
	at org.python.core.PyReflectedFunction.__call__(PyReflectedFunction.java:204)
	at org.python.core.PyObject.__call__(PyObject.java:441)
	at org.python.core.PyObject.__call__(PyObject.java:447)
	at org.python.core.PyMethod.__call__(PyMethod.java:154)
	at org.python.pycode._pyx0.goPlanar$16(demoFault.py:379)
	at org.python.pycode._pyx0.call_function(demoFault.py)
	at org.python.core.PyTableCode.call(PyTableCode.java:165)
	at org.python.core.PyBaseCode.call(PyBaseCode.java:120)
	at org.python.core.PyFunction.__call__(PyFunction.java:307)
	at org.python.pycode._pyx0.main$1(demoFault.py:83)
	at org.python.pycode._pyx0.call_function(demoFault.py)
	at org.python.core.PyTableCode.call(PyTableCode.java:165)
	at org.python.core.PyBaseCode.call(PyBaseCode.java:134)
	at org.python.core.PyFunction.__call__(PyFunction.java:317)
	at common$py.run$3(/home/xinwu/Home/research/xmw/src/campos/common.py:34)
	at common$py.call_function(/home/xinwu/Home/research/xmw/src/campos/common.py)
	at org.python.core.PyTableCode.call(PyTableCode.java:165)
	at org.python.core.PyBaseCode.call(PyBaseCode.java:301)
	at org.python.core.PyBaseCode.call(PyBaseCode.java:194)
	at org.python.core.PyFunction.__call__(PyFunction.java:387)
	at org.python.core.PyMethod.instancemethod___call__(PyMethod.java:220)
	at org.python.core.PyMethod.__call__(PyMethod.java:211)
	at org.python.core.PyMethod.__call__(PyMethod.java:201)
setupForSubset: campos
compute planarity of gx1...
0.0
1.0
setupForSubset: campos
FaultScanner.scan: done in 163741 seconds
FaultScanner.scan: done in 158692 seconds
FaultScanner.scan: done in 152822 seconds
FaultScanner.scan: done in 146872 seconds
FaultScanner.scan: done in 146160 seconds
