setupForSubset: nathanSub8
goScan ...
FaultScanner.scan: done in 120968 seconds
FaultScanner.scan: done in 117663 seconds
FaultScanner.scan: done in 132013 seconds
FaultScanner.scan: done in 130930 seconds
FaultScanner.scan: done in 120328 seconds
FaultScanner.scan: done in 113008 seconds
FaultScanner.scan: done in 107727 seconds
FaultScanner.scan: done in 103583 seconds
FaultScanner.scan: done in 100313 seconds
FaultScanner.scan: done in 97694 seconds
FaultScanner.scan: done in 95627 seconds
FaultScanner.scan: done in 93661 seconds
FaultScanner.scan: done in 91931 seconds
FaultScanner.scan: done in 90394 seconds
FaultScanner.scan: done in 89010 seconds
FaultScanner.scan: done in 87708 seconds
FaultScanner.scan: done in 86511 seconds
FaultScanner.scan: done in 85382 seconds
FaultScanner.scan: done in 84356 seconds
FaultScanner.scan: done in 83685 seconds
FaultScanner.scan: done in 82756 seconds
FaultScanner.scan: done in 81922 seconds
FaultScanner.scan: done in 81123 seconds
FaultScanner.scan: done in 80354 seconds
FaultScanner.scan: done in 79631 seconds
FaultScanner.scan: done in 78933 seconds
FaultScanner.scan: done in 78277 seconds
FaultScanner.scan: done in 77659 seconds
FaultScanner.scan: done in 77050 seconds
FaultScanner.scan: done in 76454 seconds
FaultScanner.scan: done in 75876 seconds
FaultScanner.scan: done in 75325 seconds
FaultScanner.scan: done in 74793 seconds
FaultScanner.scan: done in 74282 seconds
FaultScanner.scan: done in 73758 seconds
FaultScanner.scan: done in 73271 seconds
FaultScanner.scan: done in 72771 seconds
FaultScanner.scan: done in 72303 seconds
FaultScanner.scan: done in 71851 seconds
FaultScanner.scan: done in 71389 seconds
FaultScanner.scan: done in 70943 seconds
FaultScanner.scan: done in 70494 seconds
FaultScanner.scan: done in 70048 seconds
FaultScanner.scan: done in 69610 seconds
FaultScanner.scan: done in 69160 seconds
FaultScanner.scan: done in 68749 seconds
FaultScanner.scan: done in 68337 seconds
FaultScanner.scan: done in 67936 seconds
FaultScanner.scan: done in 67531 seconds
FaultScanner.scan: done in 67125 seconds
FaultScanner.scan: done in 66710 seconds
FaultScanner.scan: done in 66353 seconds
FaultScanner.scan: done in 65975 seconds
FaultScanner.scan: done in 65570 seconds
FaultScanner.scan: done in 65170 seconds
FaultScanner.scan: done in 64765 seconds
FaultScanner.scan: done in 64395 seconds
FaultScanner.scan: done in 64008 seconds
FaultScanner.scan: done in 63621 seconds
FaultScanner.scan: done in 63241 seconds
FaultScanner.scan: done in 62859 seconds
FaultScanner.scan: done in 62481 seconds
FaultScanner.scan: done in 62105 seconds
FaultScanner.scan: done in 61728 seconds
FaultScanner.scan: done in 61361 seconds
FaultScanner.scan: done in 61023 seconds
FaultScanner.scan: done in 60667 seconds
FaultScanner.scan: done in 60310 seconds
FaultScanner.scan: done in 59945 seconds
FaultScanner.scan: done in 59575 seconds
FaultScanner.scan: done in 59205 seconds
FaultScanner.scan: done in 58841 seconds
FaultScanner.scan: done in 58490 seconds
FaultScanner.scan: done in 58127 seconds
FaultScanner.scan: done in 57780 seconds
FaultScanner.scan: done in 57425 seconds
FaultScanner.scan: done in 57065 seconds
FaultScanner.scan: done in 56716 seconds
FaultScanner.scan: done in 56361 seconds
FaultScanner.scan: done in 56006 seconds
FaultScanner.scan: done in 55659 seconds
FaultScanner.scan: done in 55307 seconds
FaultScanner.scan: done in 54954 seconds
FaultScanner.scan: done in 54607 seconds
FaultScanner.scan: done in 54258 seconds
FaultScanner.scan: done in 53912 seconds
FaultScanner.scan: done in 53569 seconds
FaultScanner.scan: done in 53220 seconds
FaultScanner.scan: done in 52870 seconds
FaultScanner.scan: done in 52522 seconds
FaultScanner.scan: done in 52175 seconds
FaultScanner.scan: done in 51831 seconds
FaultScanner.scan: done in 51494 seconds
FaultScanner.scan: done in 51143 seconds
FaultScanner.scan: done in 50805 seconds
FaultScanner.scan: done in 50465 seconds
FaultScanner.scan: done in 50125 seconds
FaultScanner.scan: done in 49779 seconds
FaultScanner.scan: done in 49444 seconds
FaultScanner.scan: done in 49102 seconds
FaultScanner.scan: done in 48763 seconds
FaultScanner.scan: done in 48422 seconds
FaultScanner.scan: done in 48085 seconds
FaultScanner.scan: done in 47746 seconds
FaultScanner.scan: done in 47415 seconds
FaultScanner.scan: done in 47078 seconds
FaultScanner.scan: done in 46743 seconds
FaultScanner.scan: done in 46416 seconds
FaultScanner.scan: done in 46081 seconds
FaultScanner.scan: done in 45748 seconds
FaultScanner.scan: done in 45416 seconds
FaultScanner.scan: done in 45081 seconds
FaultScanner.scan: done in 44748 seconds
FaultScanner.scan: done in 44416 seconds
FaultScanner.scan: done in 44086 seconds
FaultScanner.scan: done in 43753 seconds
FaultScanner.scan: done in 43428 seconds
FaultScanner.scan: done in 43098 seconds
FaultScanner.scan: done in 42768 seconds
FaultScanner.scan: done in 42442 seconds
FaultScanner.scan: done in 42119 seconds
FaultScanner.scan: done in 41796 seconds
FaultScanner.scan: done in 41478 seconds
FaultScanner.scan: done in 41165 seconds
FaultScanner.scan: done in 40853 seconds
FaultScanner.scan: done in 40542 seconds
FaultScanner.scan: done in 40234 seconds
FaultScanner.scan: done in 39920 seconds
FaultScanner.scan: done in 39602 seconds
FaultScanner.scan: done in 39283 seconds
FaultScanner.scan: done in 38959 seconds
FaultScanner.scan: done in 38633 seconds
FaultScanner.scan: done in 38308 seconds
FaultScanner.scan: done in 37979 seconds
FaultScanner.scan: done in 37650 seconds
FaultScanner.scan: done in 37322 seconds
FaultScanner.scan: done in 36995 seconds
FaultScanner.scan: done in 36664 seconds
FaultScanner.scan: done in 36333 seconds
FaultScanner.scan: done in 36001 seconds
FaultScanner.scan: done in 35674 seconds
FaultScanner.scan: done in 35343 seconds
FaultScanner.scan: done in 35012 seconds
FaultScanner.scan: done in 34683 seconds
FaultScanner.scan: done in 34354 seconds
FaultScanner.scan: done in 34023 seconds
FaultScanner.scan: done in 33696 seconds
FaultScanner.scan: done in 33370 seconds
FaultScanner.scan: done in 33044 seconds
FaultScanner.scan: done in 32719 seconds
FaultScanner.scan: done in 32391 seconds
FaultScanner.scan: done in 32063 seconds
FaultScanner.scan: done in 31739 seconds
FaultScanner.scan: done in 31414 seconds
FaultScanner.scan: done in 31089 seconds
FaultScanner.scan: done in 30764 seconds
FaultScanner.scan: done in 30438 seconds
FaultScanner.scan: done in 30113 seconds
FaultScanner.scan: done in 29789 seconds
FaultScanner.scan: done in 29463 seconds
FaultScanner.scan: done in 29138 seconds
FaultScanner.scan: done in 28814 seconds
FaultScanner.scan: done in 28489 seconds
FaultScanner.scan: done in 28164 seconds
FaultScanner.scan: done in 27840 seconds
FaultScanner.scan: done in 27516 seconds
FaultScanner.scan: done in 27192 seconds
FaultScanner.scan: done in 26869 seconds
FaultScanner.scan: done in 26545 seconds
FaultScanner.scan: done in 26221 seconds
FaultScanner.scan: done in 25897 seconds
FaultScanner.scan: done in 25573 seconds
FaultScanner.scan: done in 25251 seconds
FaultScanner.scan: done in 24928 seconds
FaultScanner.scan: done in 24604 seconds
FaultScanner.scan: done in 24280 seconds
FaultScanner.scan: done in 23959 seconds
FaultScanner.scan: done in 23637 seconds
FaultScanner.scan: done in 23314 seconds
FaultScanner.scan: done in 22991 seconds
FaultScanner.scan: done in 22668 seconds
FaultScanner.scan: done in 22346 seconds
FaultScanner.scan: done in 22024 seconds
FaultScanner.scan: done in 21701 seconds
FaultScanner.scan: done in 21379 seconds
FaultScanner.scan: done in 21058 seconds
FaultScanner.scan: done in 20735 seconds
FaultScanner.scan: done in 20412 seconds
FaultScanner.scan: done in 20091 seconds
FaultScanner.scan: done in 19769 seconds
FaultScanner.scan: done in 19447 seconds
FaultScanner.scan: done in 19126 seconds
FaultScanner.scan: done in 18805 seconds
FaultScanner.scan: done in 18485 seconds
FaultScanner.scan: done in 18164 seconds
FaultScanner.scan: done in 17842 seconds
FaultScanner.scan: done in 17521 seconds
FaultScanner.scan: done in 17201 seconds
FaultScanner.scan: done in 16880 seconds
FaultScanner.scan: done in 16560 seconds
FaultScanner.scan: done in 16240 seconds
FaultScanner.scan: done in 15920 seconds
FaultScanner.scan: done in 15600 seconds
FaultScanner.scan: done in 15280 seconds
FaultScanner.scan: done in 14960 seconds
FaultScanner.scan: done in 14641 seconds
FaultScanner.scan: done in 14321 seconds
FaultScanner.scan: done in 14001 seconds
FaultScanner.scan: done in 13682 seconds
FaultScanner.scan: done in 13363 seconds
FaultScanner.scan: done in 13044 seconds
FaultScanner.scan: done in 12725 seconds
FaultScanner.scan: done in 12406 seconds
FaultScanner.scan: done in 12087 seconds
FaultScanner.scan: done in 11768 seconds
FaultScanner.scan: done in 11449 seconds
FaultScanner.scan: done in 11130 seconds
FaultScanner.scan: done in 10811 seconds
FaultScanner.scan: done in 10492 seconds
FaultScanner.scan: done in 10173 seconds
FaultScanner.scan: done in 9854 seconds
FaultScanner.scan: done in 9536 seconds
FaultScanner.scan: done in 9217 seconds
FaultScanner.scan: done in 8899 seconds
FaultScanner.scan: done in 8580 seconds
FaultScanner.scan: done in 8262 seconds
FaultScanner.scan: done in 7943 seconds
FaultScanner.scan: done in 7625 seconds
FaultScanner.scan: done in 7307 seconds
FaultScanner.scan: done in 6988 seconds
FaultScanner.scan: done in 6670 seconds
FaultScanner.scan: done in 6352 seconds
FaultScanner.scan: done in 6034 seconds
FaultScanner.scan: done in 5716 seconds
FaultScanner.scan: done in 5398 seconds
FaultScanner.scan: done in 5080 seconds
FaultScanner.scan: done in 4762 seconds
FaultScanner.scan: done in 4444 seconds
FaultScanner.scan: done in 4126 seconds
FaultScanner.scan: done in 3809 seconds
FaultScanner.scan: done in 3491 seconds
FaultScanner.scan: done in 3174 seconds
FaultScanner.scan: done in 2856 seconds
FaultScanner.scan: done in 2539 seconds
FaultScanner.scan: done in 2221 seconds
FaultScanner.scan: done in 1904 seconds
FaultScanner.scan: done in 1587 seconds
FaultScanner.scan: done in 1270 seconds
FaultScanner.scan: done in 953 seconds
FaultScanner.scan: done in 635 seconds
FaultScanner.scan: done in 318 seconds
FaultScanner.scan: done
fl min = 0.000153246335685  max = 0.99876922369
fp min = 0.0  max = 360.0
ft min = 65.0  max = 85.0
goThin ...
Pick
  local=(308.0,1757.3182219897813,216.61332525648106)
  world=(308.0,1757.3182219897813,216.61332525648106)
Pick
  local=(824.0,3000.5797757742257,187.01464900451685)
  world=(824.0,3000.5797757742257,187.01464900451685)
Pick
  local=(824.0,2930.7987356618323,140.686485410017)
  world=(824.0,2930.7987356618323,140.686485410017)
Pick
  local=(89.22370080217775,992.077485064588,498.99999999999994)
  world=(89.22370080217775,992.077485064588,498.99999999999994)
Pick
  local=(226.99999999999997,1325.2748068954438,200.8921996512396)
  world=(226.99999999999997,1325.2748068954438,200.8921996512396)
Pick
  local=(139.5731013139265,1351.9830551355212,327.0)
  world=(139.5731013139265,1351.9830551355212,327.0)
Pick
  local=(451.0,2135.1834582207593,153.70265981807273)
  world=(451.0,2135.1834582207593,153.70265981807273)
Pick
  local=(590.1321104864761,2132.9359588664784,217.0)
  world=(590.1321104864761,2132.9359588664784,217.0)
Pick
  local=(734.0,2178.722519990607,272.1060863013593)
  world=(734.0,2178.722519990607,272.1060863013593)
Pick
  local=(774.0,1401.528561173239,268.3615706260653)
  world=(774.0,1401.528561173239,268.3615706260653)
Pick
  local=(378.0,1266.4359295500053,224.4877365149244)
  world=(378.0,1266.4359295500053,224.4877365149244)
Pick
  local=(500.0,2914.2151417337127,164.17775704945277)
  world=(500.0,2914.2151417337127,164.17775704945277)
Pick
  local=(605.0,2119.683038406987,230.80622164801957)
  world=(605.0,2119.683038406987,230.80622164801957)
Pick
  local=(589.0,1516.339976592394,273.29311549160343)
  world=(589.0,1516.339976592394,273.29311549160343)
Pick
  local=(500.0,1069.4019102773507,273.92629314305765)
  world=(500.0,1069.4019102773507,273.92629314305765)
Pick
  local=(138.4052438435639,375.99999999999994,314.8544033405949)
  world=(138.4052438435639,375.99999999999994,314.8544033405949)
Pick
  local=(370.0,566.3746908598042,296.3901368209164)
  world=(370.0,566.3746908598042,296.3901368209164)
Pick
  local=(272.0,610.562356498675,327.7812368376875)
  world=(272.0,610.562356498675,327.7812368376875)
Pick
  local=(502.0,735.0536306234944,280.793548282324)
  world=(502.0,735.0536306234944,280.793548282324)
Pick
  local=(387.0,766.5914145823959,274.9768588120289)
  world=(387.0,766.5914145823959,274.9768588120289)
Pick
  local=(241.0,525.707975125704,309.90238502137254)
  world=(241.0,525.707975125704,309.90238502137254)
Pick
  local=(824.0,1209.4054853432694,196.44583066835924)
  world=(824.0,1209.4054853432694,196.44583066835924)
Pick
  local=(664.0,1755.5044613841835,270.4991839433288)
  world=(664.0,1755.5044613841835,270.4991839433288)
Pick
  local=(759.0,3352.608539228854,120.73667613305139)
  world=(759.0,3352.608539228854,120.73667613305139)
Pick
  local=(320.0,2170.789735969221,118.92247647570548)
  world=(320.0,2170.789735969221,118.92247647570548)
Pick
  local=(174.0,2199.2909083981303,116.39760984639474)
  world=(174.0,2199.2909083981303,116.39760984639474)
Pick
  local=(365.00000000000006,1548.709229404689,217.05187604255906)
  world=(365.00000000000006,1548.709229404689,217.05187604255906)
Pick
  local=(416.77289131092283,1469.9407173124948,466.0)
  world=(416.77289131092283,1469.9407173124948,466.0)
Pick
  local=(284.41643285276336,1561.885247165441,232.00000000000003)
  world=(284.41643285276336,1561.885247165441,232.00000000000003)
Pick
  local=(77.59340986570382,2318.143750747261,499.0)
  world=(77.59340986570382,2318.143750747261,499.0)
Pick
  local=(308.0,2223.1217632229345,106.86480580423849)
  world=(308.0,2223.1217632229345,106.86480580423849)
Pick
  local=(432.32551208184117,2139.323088784128,143.0)
  world=(432.32551208184117,2139.323088784128,143.0)
Pick
  local=(535.0,1900.0695758923719,166.02012666233077)
  world=(535.0,1900.0695758923719,166.02012666233077)
Pick
  local=(824.0,1853.426580791782,152.27200124660544)
  world=(824.0,1853.426580791782,152.27200124660544)
Pick
  local=(569.0,2033.7846091097817,106.13964791471382)
  world=(569.0,2033.7846091097817,106.13964791471382)
Pick
  local=(119.0,2404.9587687069834,150.47884772510756)
  world=(119.0,2404.9587687069834,150.47884772510756)
Pick
  local=(628.0,2233.9513603219066,123.88332232080305)
  world=(628.0,2233.9513603219066,123.88332232080305)
Pick
  local=(809.0,1875.3318568375898,139.6353957653804)
  world=(809.0,1875.3318568375898,139.6353957653804)
Pick
  local=(467.6073487931454,1836.739230436055,220.0)
  world=(467.6073487931454,1836.739230436055,220.0)
Pick
  local=(654.0,1997.641558707487,134.49933944727343)
  world=(654.0,1997.641558707487,134.49933944727343)
Pick
  local=(230.0,1441.4241619950633,169.47099009965373)
  world=(230.0,1441.4241619950633,169.47099009965373)
Pick
  local=(191.5772510912144,1426.0852987360508,229.0)
  world=(191.5772510912144,1426.0852987360508,229.0)
Pick
  local=(333.00000000000006,1086.950833017379,248.06132111335506)
  world=(333.00000000000006,1086.950833017379,248.06132111335506)
Pick
  local=(573.090714535002,376.0,311.8557836806164)
  world=(573.090714535002,376.0,311.8557836806164)
Pick
  local=(74.0,1976.3680528276,94.89641454413446)
  world=(74.0,1976.3680528276,94.89641454413446)
Pick
  local=(398.0,1978.9462927438872,149.62870325521882)
  world=(398.0,1978.9462927438872,149.62870325521882)
Pick
  local=(649.5491842485651,1634.0,231.72404376341652)
  world=(649.5491842485651,1634.0,231.72404376341652)
Pick
  local=(461.0,1398.5827980713382,260.69340393059497)
  world=(461.0,1398.5827980713382,260.69340393059497)
X11Util.Display: Shutdown (JVM shutdown: true, open (no close attempt): 5/5, reusable (open, marked uncloseable): 0, pending (open in creation order): 5)
X11Util: Open X11 Display Connections: 5
X11Util: Open[0]: NamedX11Display[:0, 0x7f9fc4571500, refCount 1, unCloseable false]
X11Util: Open[1]: NamedX11Display[:0, 0x7f9fc4141c00, refCount 1, unCloseable false]
X11Util: Open[2]: NamedX11Display[:0, 0x7f9fc49a2980, refCount 1, unCloseable false]
X11Util: Open[3]: NamedX11Display[:0, 0x7f9fc50005f0, refCount 1, unCloseable false]
X11Util: Open[4]: NamedX11Display[:0, 0x7f9fc5659760, refCount 1, unCloseable false]
