[VGL] NOTICE: Automatically setting VGL_CLIENT environment variable to
[VGL]    172.29.21.244, the IP address of your SSH client.
setupForSubset: cact
[VGL] NOTICE: Automatically setting VGL_CLIENT environment variable to
[VGL]    172.29.21.244, the IP address of your SSH client.
setupForSubset: cact
 Iteration 1......
FINE CgSolver: begin: bnorm=196.06437 rnorm=196.06437
FINER CgSolver: iter=0 rnorm=196.06437
FINER CgSolver: iter=1 rnorm=80.277834
FINER CgSolver: iter=2 rnorm=61.026707
FINER CgSolver: iter=3 rnorm=198.26050
FINER CgSolver: iter=4 rnorm=137.03096
FINER CgSolver: iter=5 rnorm=200.47098
FINER CgSolver: iter=6 rnorm=175.24149
FINER CgSolver: iter=7 rnorm=118.27274
FINER CgSolver: iter=8 rnorm=152.23371
FINER CgSolver: iter=9 rnorm=132.51934
FINER CgSolver: iter=10 rnorm=114.82866
FINER CgSolver: iter=11 rnorm=126.10545
FINER CgSolver: iter=12 rnorm=113.87897
FINER CgSolver: iter=13 rnorm=103.38688
FINER CgSolver: iter=14 rnorm=103.55886
FINER CgSolver: iter=15 rnorm=98.997632
FINER CgSolver: iter=16 rnorm=101.82035
FINER CgSolver: iter=17 rnorm=98.783308
FINER CgSolver: iter=18 rnorm=86.613051
FINER CgSolver: iter=19 rnorm=92.766457
FINER CgSolver: iter=20 rnorm=87.647369
FINER CgSolver: iter=21 rnorm=73.678996
FINER CgSolver: iter=22 rnorm=77.810651
FINER CgSolver: iter=23 rnorm=75.294387
FINER CgSolver: iter=24 rnorm=65.839584
FINER CgSolver: iter=25 rnorm=67.233287
FINER CgSolver: iter=26 rnorm=64.405331
FINER CgSolver: iter=27 rnorm=56.114745
FINER CgSolver: iter=28 rnorm=58.365164
FINER CgSolver: iter=29 rnorm=56.751699
FINER CgSolver: iter=30 rnorm=50.980286
FINER CgSolver: iter=31 rnorm=52.957968
FINER CgSolver: iter=32 rnorm=51.789549
FINER CgSolver: iter=33 rnorm=46.563590
FINER CgSolver: iter=34 rnorm=43.775576
FINER CgSolver: iter=35 rnorm=43.500743
FINER CgSolver: iter=36 rnorm=40.724480
FINER CgSolver: iter=37 rnorm=39.034888
FINER CgSolver: iter=38 rnorm=40.462274
FINER CgSolver: iter=39 rnorm=37.650261
FINER CgSolver: iter=40 rnorm=33.789928
FINER CgSolver: iter=41 rnorm=31.573200
FINER CgSolver: iter=42 rnorm=30.298663
FINER CgSolver: iter=43 rnorm=28.847885
FINER CgSolver: iter=44 rnorm=28.858766
FINER CgSolver: iter=45 rnorm=28.894233
FINER CgSolver: iter=46 rnorm=29.658954
FINER CgSolver: iter=47 rnorm=30.121190
FINER CgSolver: iter=48 rnorm=32.721545
FINER CgSolver: iter=49 rnorm=36.325618
FINER CgSolver: iter=50 rnorm=37.445417
FINER CgSolver: iter=51 rnorm=39.152661
FINER CgSolver: iter=52 rnorm=39.800913
FINER CgSolver: iter=53 rnorm=37.712541
FINER CgSolver: iter=54 rnorm=38.117177
FINER CgSolver: iter=55 rnorm=41.403089
FINER CgSolver: iter=56 rnorm=43.819631
FINER CgSolver: iter=57 rnorm=40.528030
FINER CgSolver: iter=58 rnorm=41.098967
FINER CgSolver: iter=59 rnorm=42.823273
FINER CgSolver: iter=60 rnorm=43.361563
FINER CgSolver: iter=61 rnorm=43.831313
FINER CgSolver: iter=62 rnorm=44.179071
FINER CgSolver: iter=63 rnorm=43.860602
FINER CgSolver: iter=64 rnorm=45.170242
FINER CgSolver: iter=65 rnorm=46.465969
FINER CgSolver: iter=66 rnorm=44.023846
FINER CgSolver: iter=67 rnorm=42.409484
FINER CgSolver: iter=68 rnorm=41.775090
FINER CgSolver: iter=69 rnorm=41.353512
FINER CgSolver: iter=70 rnorm=39.980198
FINER CgSolver: iter=71 rnorm=38.887276
FINER CgSolver: iter=72 rnorm=38.216225
FINER CgSolver: iter=73 rnorm=38.356226
FINER CgSolver: iter=74 rnorm=35.706338
FINER CgSolver: iter=75 rnorm=33.670266
FINER CgSolver: iter=76 rnorm=34.144002
FINER CgSolver: iter=77 rnorm=34.070706
FINER CgSolver: iter=78 rnorm=33.343893
FINER CgSolver: iter=79 rnorm=33.060194
FINER CgSolver: iter=80 rnorm=31.961463
FINER CgSolver: iter=81 rnorm=31.351229
FINER CgSolver: iter=82 rnorm=33.870010
FINER CgSolver: iter=83 rnorm=34.161139
FINER CgSolver: iter=84 rnorm=31.131635
FINER CgSolver: iter=85 rnorm=31.601519
FINER CgSolver: iter=86 rnorm=32.456689
FINER CgSolver: iter=87 rnorm=32.013048
FINER CgSolver: iter=88 rnorm=30.742153
FINER CgSolver: iter=89 rnorm=29.508344
FINER CgSolver: iter=90 rnorm=29.004566
FINER CgSolver: iter=91 rnorm=30.080016
FINER CgSolver: iter=92 rnorm=27.826587
FINER CgSolver: iter=93 rnorm=27.492738
FINER CgSolver: iter=94 rnorm=27.362975
FINER CgSolver: iter=95 rnorm=25.724271
FINER CgSolver: iter=96 rnorm=25.090905
FINER CgSolver: iter=97 rnorm=24.053103
FINER CgSolver: iter=98 rnorm=22.574696
FINER CgSolver: iter=99 rnorm=22.011649
FINE CgSolver: end: iter=100 rnorm=21.465775
 Average adjustments per sample = 4.41896
 Iteration 2......
FINE CgSolver: begin: bnorm=196.71473 rnorm=132.70245
FINER CgSolver: iter=0 rnorm=132.70245
FINER CgSolver: iter=1 rnorm=118.83259
FINER CgSolver: iter=2 rnorm=132.95517
FINER CgSolver: iter=3 rnorm=142.12151
FINER CgSolver: iter=4 rnorm=103.39404
FINER CgSolver: iter=5 rnorm=77.196012
FINER CgSolver: iter=6 rnorm=88.325296
FINER CgSolver: iter=7 rnorm=67.624416
FINER CgSolver: iter=8 rnorm=63.520224
FINER CgSolver: iter=9 rnorm=67.159088
FINER CgSolver: iter=10 rnorm=60.840527
FINER CgSolver: iter=11 rnorm=55.138375
FINER CgSolver: iter=12 rnorm=56.564068
FINER CgSolver: iter=13 rnorm=48.664580
FINER CgSolver: iter=14 rnorm=52.905787
FINER CgSolver: iter=15 rnorm=53.295492
FINER CgSolver: iter=16 rnorm=46.274034
FINER CgSolver: iter=17 rnorm=47.673504
FINER CgSolver: iter=18 rnorm=46.487896
FINER CgSolver: iter=19 rnorm=43.483379
FINER CgSolver: iter=20 rnorm=43.085368
FINER CgSolver: iter=21 rnorm=43.204402
FINER CgSolver: iter=22 rnorm=39.130260
FINER CgSolver: iter=23 rnorm=40.847451
FINER CgSolver: iter=24 rnorm=39.621377
FINER CgSolver: iter=25 rnorm=39.400634
FINER CgSolver: iter=26 rnorm=37.411583
FINER CgSolver: iter=27 rnorm=37.307255
FINER CgSolver: iter=28 rnorm=34.889171
FINER CgSolver: iter=29 rnorm=35.168208
FINER CgSolver: iter=30 rnorm=34.154739
FINER CgSolver: iter=31 rnorm=32.902390
FINER CgSolver: iter=32 rnorm=32.416423
FINER CgSolver: iter=33 rnorm=31.815341
FINER CgSolver: iter=34 rnorm=32.067955
FINER CgSolver: iter=35 rnorm=30.967199
FINER CgSolver: iter=36 rnorm=30.884877
FINER CgSolver: iter=37 rnorm=29.183719
FINER CgSolver: iter=38 rnorm=28.056214
FINER CgSolver: iter=39 rnorm=27.655795
FINER CgSolver: iter=40 rnorm=26.722371
FINER CgSolver: iter=41 rnorm=25.513993
FINER CgSolver: iter=42 rnorm=25.299564
FINER CgSolver: iter=43 rnorm=24.057763
FINER CgSolver: iter=44 rnorm=23.922913
FINER CgSolver: iter=45 rnorm=23.204021
FINER CgSolver: iter=46 rnorm=23.405634
FINER CgSolver: iter=47 rnorm=23.172469
FINER CgSolver: iter=48 rnorm=22.791494
FINER CgSolver: iter=49 rnorm=22.783712
FINER CgSolver: iter=50 rnorm=22.334038
FINER CgSolver: iter=51 rnorm=22.105350
FINER CgSolver: iter=52 rnorm=21.717014
FINER CgSolver: iter=53 rnorm=20.949025
FINER CgSolver: iter=54 rnorm=20.733379
FINER CgSolver: iter=55 rnorm=20.527011
FINER CgSolver: iter=56 rnorm=20.702172
FINER CgSolver: iter=57 rnorm=20.723458
FINER CgSolver: iter=58 rnorm=20.397486
FINER CgSolver: iter=59 rnorm=20.139386
FINER CgSolver: iter=60 rnorm=19.955174
FINER CgSolver: iter=61 rnorm=19.956335
FINER CgSolver: iter=62 rnorm=19.822722
FINER CgSolver: iter=63 rnorm=19.806427
FINER CgSolver: iter=64 rnorm=19.756951
FINER CgSolver: iter=65 rnorm=19.322581
FINER CgSolver: iter=66 rnorm=19.498184
FINER CgSolver: iter=67 rnorm=19.436791
FINER CgSolver: iter=68 rnorm=19.024782
FINER CgSolver: iter=69 rnorm=19.020017
FINER CgSolver: iter=70 rnorm=18.400231
FINER CgSolver: iter=71 rnorm=18.086650
FINER CgSolver: iter=72 rnorm=18.217783
FINER CgSolver: iter=73 rnorm=17.681474
FINER CgSolver: iter=74 rnorm=17.414474
FINER CgSolver: iter=75 rnorm=17.144171
FINER CgSolver: iter=76 rnorm=16.925669
FINER CgSolver: iter=77 rnorm=16.839184
FINER CgSolver: iter=78 rnorm=16.521608
FINER CgSolver: iter=79 rnorm=15.966713
FINER CgSolver: iter=80 rnorm=15.966886
FINER CgSolver: iter=81 rnorm=15.727122
FINER CgSolver: iter=82 rnorm=15.504796
FINER CgSolver: iter=83 rnorm=15.136120
FINER CgSolver: iter=84 rnorm=14.615433
FINER CgSolver: iter=85 rnorm=14.567138
FINER CgSolver: iter=86 rnorm=14.873464
FINER CgSolver: iter=87 rnorm=14.402507
FINER CgSolver: iter=88 rnorm=14.675767
FINER CgSolver: iter=89 rnorm=14.545846
FINER CgSolver: iter=90 rnorm=14.181588
FINER CgSolver: iter=91 rnorm=14.208747
FINER CgSolver: iter=92 rnorm=14.136127
FINER CgSolver: iter=93 rnorm=14.092167
FINER CgSolver: iter=94 rnorm=13.961457
FINER CgSolver: iter=95 rnorm=14.032735
FINER CgSolver: iter=96 rnorm=13.602471
FINER CgSolver: iter=97 rnorm=13.708160
FINER CgSolver: iter=98 rnorm=13.436658
FINER CgSolver: iter=99 rnorm=13.354815
FINE CgSolver: end: iter=100 rnorm=13.645694
 Average adjustments per sample = 0.9388825
 Iteration 3......
FINE CgSolver: begin: bnorm=197.11135 rnorm=51.437921
FINER CgSolver: iter=0 rnorm=51.437921
FINER CgSolver: iter=1 rnorm=39.715940
FINER CgSolver: iter=2 rnorm=47.226948
FINER CgSolver: iter=3 rnorm=45.057615
FINER CgSolver: iter=4 rnorm=38.164890
FINER CgSolver: iter=5 rnorm=40.802223
FINER CgSolver: iter=6 rnorm=32.507017
FINER CgSolver: iter=7 rnorm=36.569206
FINER CgSolver: iter=8 rnorm=30.831208
FINER CgSolver: iter=9 rnorm=32.728637
FINER CgSolver: iter=10 rnorm=30.853858
FINER CgSolver: iter=11 rnorm=30.994880
FINER CgSolver: iter=12 rnorm=32.042699
FINER CgSolver: iter=13 rnorm=28.156833
FINER CgSolver: iter=14 rnorm=27.465376
FINER CgSolver: iter=15 rnorm=26.678091
FINER CgSolver: iter=16 rnorm=24.124081
FINER CgSolver: iter=17 rnorm=23.541598
FINER CgSolver: iter=18 rnorm=21.742643
FINER CgSolver: iter=19 rnorm=22.415380
FINER CgSolver: iter=20 rnorm=22.591723
FINER CgSolver: iter=21 rnorm=22.008660
FINER CgSolver: iter=22 rnorm=21.318257
FINER CgSolver: iter=23 rnorm=21.502678
FINER CgSolver: iter=24 rnorm=20.418318
FINER CgSolver: iter=25 rnorm=20.266803
FINER CgSolver: iter=26 rnorm=20.207089
FINER CgSolver: iter=27 rnorm=20.136149
FINER CgSolver: iter=28 rnorm=19.828186
FINER CgSolver: iter=29 rnorm=19.606305
FINER CgSolver: iter=30 rnorm=18.685947
FINER CgSolver: iter=31 rnorm=19.067641
FINER CgSolver: iter=32 rnorm=18.215956
FINER CgSolver: iter=33 rnorm=17.373562
FINER CgSolver: iter=34 rnorm=16.106954
FINER CgSolver: iter=35 rnorm=16.837028
FINER CgSolver: iter=36 rnorm=16.535582
FINER CgSolver: iter=37 rnorm=16.141711
FINER CgSolver: iter=38 rnorm=15.304896
FINER CgSolver: iter=39 rnorm=15.183231
FINER CgSolver: iter=40 rnorm=14.731702
FINER CgSolver: iter=41 rnorm=14.500488
FINER CgSolver: iter=42 rnorm=14.054992
FINER CgSolver: iter=43 rnorm=13.927536
FINER CgSolver: iter=44 rnorm=13.796127
FINER CgSolver: iter=45 rnorm=13.995107
FINER CgSolver: iter=46 rnorm=13.638617
FINER CgSolver: iter=47 rnorm=13.521505
FINER CgSolver: iter=48 rnorm=13.352690
FINER CgSolver: iter=49 rnorm=13.100155
FINER CgSolver: iter=50 rnorm=12.766298
FINER CgSolver: iter=51 rnorm=12.942834
FINER CgSolver: iter=52 rnorm=13.203201
FINER CgSolver: iter=53 rnorm=13.055173
FINER CgSolver: iter=54 rnorm=13.119452
FINER CgSolver: iter=55 rnorm=12.920255
FINER CgSolver: iter=56 rnorm=12.263281
FINER CgSolver: iter=57 rnorm=12.643524
FINER CgSolver: iter=58 rnorm=13.116150
FINER CgSolver: iter=59 rnorm=13.045684
FINER CgSolver: iter=60 rnorm=13.133656
FINER CgSolver: iter=61 rnorm=12.823822
FINER CgSolver: iter=62 rnorm=12.232239
FINER CgSolver: iter=63 rnorm=11.963818
FINER CgSolver: iter=64 rnorm=12.369315
FINER CgSolver: iter=65 rnorm=12.140402
FINER CgSolver: iter=66 rnorm=12.061542
FINER CgSolver: iter=67 rnorm=11.736239
FINER CgSolver: iter=68 rnorm=11.415019
FINER CgSolver: iter=69 rnorm=10.906522
FINER CgSolver: iter=70 rnorm=11.285383
FINER CgSolver: iter=71 rnorm=11.220404
FINER CgSolver: iter=72 rnorm=11.202902
FINER CgSolver: iter=73 rnorm=11.021015
FINER CgSolver: iter=74 rnorm=10.824705
FINER CgSolver: iter=75 rnorm=10.328221
FINER CgSolver: iter=76 rnorm=10.590598
FINER CgSolver: iter=77 rnorm=10.752775
FINER CgSolver: iter=78 rnorm=10.699920
FINER CgSolver: iter=79 rnorm=10.581190
FINER CgSolver: iter=80 rnorm=10.429840
FINER CgSolver: iter=81 rnorm=9.9678025
FINER CgSolver: iter=82 rnorm=10.073794
FINER CgSolver: iter=83 rnorm=10.332957
FINER CgSolver: iter=84 rnorm=10.245177
FINER CgSolver: iter=85 rnorm=10.106735
FINER CgSolver: iter=86 rnorm=9.9024422
FINER CgSolver: iter=87 rnorm=9.5376577
FINER CgSolver: iter=88 rnorm=9.4207668
FINER CgSolver: iter=89 rnorm=9.6249229
FINER CgSolver: iter=90 rnorm=9.6079835
FINER CgSolver: iter=91 rnorm=9.4380892
FINER CgSolver: iter=92 rnorm=9.3653849
FINER CgSolver: iter=93 rnorm=9.1299774
FINER CgSolver: iter=94 rnorm=8.8500874
FINER CgSolver: iter=95 rnorm=9.0493647
FINER CgSolver: iter=96 rnorm=9.1399793
FINER CgSolver: iter=97 rnorm=9.0242190
FINER CgSolver: iter=98 rnorm=8.9817925
FINER CgSolver: iter=99 rnorm=8.9079711
FINE CgSolver: end: iter=100 rnorm=9.0770628
 Average adjustments per sample = 0.34025887
 Iteration 4......
FINE CgSolver: begin: bnorm=197.17868 rnorm=36.821371
FINER CgSolver: iter=0 rnorm=36.821371
FINER CgSolver: iter=1 rnorm=27.430617
FINER CgSolver: iter=2 rnorm=52.605904
FINER CgSolver: iter=3 rnorm=44.979028
FINER CgSolver: iter=4 rnorm=46.859004
FINER CgSolver: iter=5 rnorm=30.778390
FINER CgSolver: iter=6 rnorm=34.861993
FINER CgSolver: iter=7 rnorm=26.680871
FINER CgSolver: iter=8 rnorm=27.193886
FINER CgSolver: iter=9 rnorm=27.290645
FINER CgSolver: iter=10 rnorm=24.215535
FINER CgSolver: iter=11 rnorm=26.571721
FINER CgSolver: iter=12 rnorm=23.624935
FINER CgSolver: iter=13 rnorm=22.415911
FINER CgSolver: iter=14 rnorm=21.678604
FINER CgSolver: iter=15 rnorm=19.404802
FINER CgSolver: iter=16 rnorm=19.470618
FINER CgSolver: iter=17 rnorm=19.051218
FINER CgSolver: iter=18 rnorm=17.175246
FINER CgSolver: iter=19 rnorm=16.782137
FINER CgSolver: iter=20 rnorm=15.957612
FINER CgSolver: iter=21 rnorm=15.396891
FINER CgSolver: iter=22 rnorm=15.381705
FINER CgSolver: iter=23 rnorm=14.642740
FINER CgSolver: iter=24 rnorm=14.484566
FINER CgSolver: iter=25 rnorm=14.508429
FINER CgSolver: iter=26 rnorm=14.016849
FINER CgSolver: iter=27 rnorm=14.325715
FINER CgSolver: iter=28 rnorm=14.396604
FINER CgSolver: iter=29 rnorm=14.107046
FINER CgSolver: iter=30 rnorm=14.201656
FINER CgSolver: iter=31 rnorm=13.587283
FINER CgSolver: iter=32 rnorm=13.207492
FINER CgSolver: iter=33 rnorm=12.887514
FINER CgSolver: iter=34 rnorm=12.417561
FINER CgSolver: iter=35 rnorm=11.731721
FINER CgSolver: iter=36 rnorm=10.989333
FINER CgSolver: iter=37 rnorm=10.361944
FINER CgSolver: iter=38 rnorm=10.072738
FINER CgSolver: iter=39 rnorm=9.5429411
FINER CgSolver: iter=40 rnorm=9.3293730
FINER CgSolver: iter=41 rnorm=9.1640166
FINER CgSolver: iter=42 rnorm=8.9993819
FINER CgSolver: iter=43 rnorm=8.9614676
FINER CgSolver: iter=44 rnorm=8.7898818
FINER CgSolver: iter=45 rnorm=8.5667964
FINER CgSolver: iter=46 rnorm=8.6611406
FINER CgSolver: iter=47 rnorm=8.5145800
FINER CgSolver: iter=48 rnorm=8.4527541
FINER CgSolver: iter=49 rnorm=8.4695016
FINER CgSolver: iter=50 rnorm=8.9155749
FINER CgSolver: iter=51 rnorm=8.8772114
FINER CgSolver: iter=52 rnorm=8.9296260
FINER CgSolver: iter=53 rnorm=8.8249872
FINER CgSolver: iter=54 rnorm=8.8765328
FINER CgSolver: iter=55 rnorm=8.9003283
FINER CgSolver: iter=56 rnorm=8.9891401
FINER CgSolver: iter=57 rnorm=9.0005766
FINER CgSolver: iter=58 rnorm=8.9199071
FINER CgSolver: iter=59 rnorm=8.9157435
FINER CgSolver: iter=60 rnorm=8.8302101
FINER CgSolver: iter=61 rnorm=8.6736769
FINER CgSolver: iter=62 rnorm=8.4918464
FINER CgSolver: iter=63 rnorm=8.3158466
FINER CgSolver: iter=64 rnorm=8.1950830
FINER CgSolver: iter=65 rnorm=8.0789982
FINER CgSolver: iter=66 rnorm=7.9377376
FINER CgSolver: iter=67 rnorm=7.8383872
FINER CgSolver: iter=68 rnorm=7.7807943
FINER CgSolver: iter=69 rnorm=7.7755982
FINER CgSolver: iter=70 rnorm=7.7089097
FINER CgSolver: iter=71 rnorm=7.7062839
FINER CgSolver: iter=72 rnorm=7.6590551
FINER CgSolver: iter=73 rnorm=7.6338080
FINER CgSolver: iter=74 rnorm=7.5830833
FINER CgSolver: iter=75 rnorm=7.5285911
FINER CgSolver: iter=76 rnorm=7.4406663
FINER CgSolver: iter=77 rnorm=7.3738567
FINER CgSolver: iter=78 rnorm=7.2416555
FINER CgSolver: iter=79 rnorm=7.1132497
FINER CgSolver: iter=80 rnorm=6.9662812
FINER CgSolver: iter=81 rnorm=6.8632738
FINER CgSolver: iter=82 rnorm=6.7361275
FINER CgSolver: iter=83 rnorm=6.6649739
FINER CgSolver: iter=84 rnorm=6.5758814
FINER CgSolver: iter=85 rnorm=6.4996417
FINER CgSolver: iter=86 rnorm=6.4394989
FINER CgSolver: iter=87 rnorm=6.4086693
FINER CgSolver: iter=88 rnorm=6.3622050
FINER CgSolver: iter=89 rnorm=6.3365425
FINER CgSolver: iter=90 rnorm=6.3169851
FINER CgSolver: iter=91 rnorm=6.3079421
FINER CgSolver: iter=92 rnorm=6.2970609
FINER CgSolver: iter=93 rnorm=6.2962974
FINER CgSolver: iter=94 rnorm=6.3167885
FINER CgSolver: iter=95 rnorm=6.3433083
FINER CgSolver: iter=96 rnorm=6.3267755
FINER CgSolver: iter=97 rnorm=6.2886920
FINER CgSolver: iter=98 rnorm=6.2671915
FINER CgSolver: iter=99 rnorm=6.2426242
FINE CgSolver: end: iter=100 rnorm=6.9103382
 Average adjustments per sample = 0.12022136
 Iteration 5......
FINE CgSolver: begin: bnorm=197.24878 rnorm=34.474738
FINER CgSolver: iter=0 rnorm=34.474738
FINER CgSolver: iter=1 rnorm=26.924271
FINER CgSolver: iter=2 rnorm=25.128023
FINER CgSolver: iter=3 rnorm=29.455066
FINER CgSolver: iter=4 rnorm=47.308666
FINER CgSolver: iter=5 rnorm=28.735158
FINER CgSolver: iter=6 rnorm=30.117541
FINER CgSolver: iter=7 rnorm=29.083274
FINER CgSolver: iter=8 rnorm=23.154692
FINER CgSolver: iter=9 rnorm=25.715010
FINER CgSolver: iter=10 rnorm=23.250194
FINER CgSolver: iter=11 rnorm=23.634851
FINER CgSolver: iter=12 rnorm=24.294666
FINER CgSolver: iter=13 rnorm=20.584820
FINER CgSolver: iter=14 rnorm=20.601655
FINER CgSolver: iter=15 rnorm=18.872155
FINER CgSolver: iter=16 rnorm=17.778452
FINER CgSolver: iter=17 rnorm=17.626531
FINER CgSolver: iter=18 rnorm=14.699873
FINER CgSolver: iter=19 rnorm=13.230845
FINER CgSolver: iter=20 rnorm=14.582454
FINER CgSolver: iter=21 rnorm=14.604752
FINER CgSolver: iter=22 rnorm=14.152089
FINER CgSolver: iter=23 rnorm=14.456851
FINER CgSolver: iter=24 rnorm=13.818079
FINER CgSolver: iter=25 rnorm=13.540020
FINER CgSolver: iter=26 rnorm=13.328875
FINER CgSolver: iter=27 rnorm=12.488021
FINER CgSolver: iter=28 rnorm=12.953184
FINER CgSolver: iter=29 rnorm=12.856446
FINER CgSolver: iter=30 rnorm=12.830097
FINER CgSolver: iter=31 rnorm=13.081186
FINER CgSolver: iter=32 rnorm=12.386711
FINER CgSolver: iter=33 rnorm=11.916024
FINER CgSolver: iter=34 rnorm=11.440062
FINER CgSolver: iter=35 rnorm=10.596586
FINER CgSolver: iter=36 rnorm=9.4054065
FINER CgSolver: iter=37 rnorm=9.2492393
FINER CgSolver: iter=38 rnorm=9.1924778
FINER CgSolver: iter=39 rnorm=8.9711862
FINER CgSolver: iter=40 rnorm=8.6261306
FINER CgSolver: iter=41 rnorm=8.2598478
FINER CgSolver: iter=42 rnorm=8.0516247
FINER CgSolver: iter=43 rnorm=7.7156301
FINER CgSolver: iter=44 rnorm=7.5803021
FINER CgSolver: iter=45 rnorm=7.4992935
FINER CgSolver: iter=46 rnorm=7.3653309
FINER CgSolver: iter=47 rnorm=7.2853430
FINER CgSolver: iter=48 rnorm=7.2498082
FINER CgSolver: iter=49 rnorm=7.0764505
FINER CgSolver: iter=50 rnorm=7.7014779
FINER CgSolver: iter=51 rnorm=7.5027080
FINER CgSolver: iter=52 rnorm=7.3390903
FINER CgSolver: iter=53 rnorm=7.1614517
FINER CgSolver: iter=54 rnorm=7.0698176
FINER CgSolver: iter=55 rnorm=7.2903195
FINER CgSolver: iter=56 rnorm=7.4688770
FINER CgSolver: iter=57 rnorm=7.5495800
FINER CgSolver: iter=58 rnorm=7.5559608
FINER CgSolver: iter=59 rnorm=7.5204022
FINER CgSolver: iter=60 rnorm=7.3903264
FINER CgSolver: iter=61 rnorm=7.2866355
FINER CgSolver: iter=62 rnorm=7.2143657
FINER CgSolver: iter=63 rnorm=7.0868326
FINER CgSolver: iter=64 rnorm=6.9198690
FINER CgSolver: iter=65 rnorm=6.5969933
FINER CgSolver: iter=66 rnorm=6.5794720
FINER CgSolver: iter=67 rnorm=6.6579266
FINER CgSolver: iter=68 rnorm=6.5765464
FINER CgSolver: iter=69 rnorm=6.4832011
FINER CgSolver: iter=70 rnorm=6.4195815
FINER CgSolver: iter=71 rnorm=6.4363651
FINER CgSolver: iter=72 rnorm=6.3999034
FINER CgSolver: iter=73 rnorm=6.4248822
FINER CgSolver: iter=74 rnorm=6.4155607
FINER CgSolver: iter=75 rnorm=6.3148950
FINER CgSolver: iter=76 rnorm=6.1423088
FINER CgSolver: iter=77 rnorm=5.9850198
FINER CgSolver: iter=78 rnorm=6.1143591
FINER CgSolver: iter=79 rnorm=6.1151364
FINER CgSolver: iter=80 rnorm=6.0546251
FINER CgSolver: iter=81 rnorm=5.9618581
FINER CgSolver: iter=82 rnorm=5.8136900
FINER CgSolver: iter=83 rnorm=5.7001067
FINER CgSolver: iter=84 rnorm=5.5967728
FINER CgSolver: iter=85 rnorm=5.5050875
FINER CgSolver: iter=86 rnorm=5.4171767
FINER CgSolver: iter=87 rnorm=5.3246290
FINER CgSolver: iter=88 rnorm=5.1643154
FINER CgSolver: iter=89 rnorm=5.1171490
FINER CgSolver: iter=90 rnorm=5.1915252
FINER CgSolver: iter=91 rnorm=5.1791145
FINER CgSolver: iter=92 rnorm=5.1614914
FINER CgSolver: iter=93 rnorm=5.1572509
FINER CgSolver: iter=94 rnorm=5.1721536
FINER CgSolver: iter=95 rnorm=5.1711766
FINER CgSolver: iter=96 rnorm=5.1928175
FINER CgSolver: iter=97 rnorm=5.2009573
FINER CgSolver: iter=98 rnorm=5.2181722
FINER CgSolver: iter=99 rnorm=5.1646643
FINE CgSolver: end: iter=100 rnorm=5.8808210
 Average adjustments per sample = 0.059319586
 Iteration 6......
